# JRE version: Java(TM) SE Runtime Environment (8.0_161-b12) (build 1.8.0_161-b12)
# Java VM: Java HotSpot(TM) 64-Bit Server VM (25.161-b12 mixed mode windows-amd64 compressed oops)
Heap:
 PSYoungGen      total 144384K, used 2553K [0x00000000d6380000, 0x00000000e8880000, 0x0000000100000000)
  eden space 129536K, 1% used [0x00000000d6380000,0x00000000d65fe450,0x00000000de200000)
  from space 14848K, 0% used [0x00000000de200000,0x00000000de200000,0x00000000df080000)
  to   space 20480K, 0% used [0x00000000e7480000,0x00000000e7480000,0x00000000e8880000)
 ParOldGen       total 93696K, used 32606K [0x0000000082a00000, 0x0000000088580000, 0x00000000d6380000)
  object space 93696K, 34% used [0x0000000082a00000,0x00000000849d7b78,0x0000000088580000)
 Metaspace       used 20753K, capacity 21254K, committed 21552K, reserved 1069056K
  class space    used 2481K, capacity 2627K, committed 2688K, reserved 1048576K
GC Heap History (10 events):
Event: 1.460 GC heap before
{Heap before GC invocations=4 (full 0):
 PSYoungGen      total 37888K, used 37856K [0x00000000d6380000, 0x00000000dad80000, 0x0000000100000000)
  eden space 32768K, 100% used [0x00000000d6380000,0x00000000d8380000,0x00000000d8380000)
  from space 5120K, 99% used [0x00000000d8380000,0x00000000d8878050,0x00000000d8880000)
  to   space 5120K, 0% used [0x00000000da880000,0x00000000da880000,0x00000000dad80000)
 ParOldGen       total 86016K, used 7394K [0x0000000082a00000, 0x0000000087e00000, 0x00000000d6380000)
  object space 86016K, 8% used [0x0000000082a00000,0x0000000083138850,0x0000000087e00000)
 Metaspace       used 15064K, capacity 15322K, committed 15488K, reserved 1062912K
  class space    used 1824K, capacity 1913K, committed 1920K, reserved 1048576K
Event: 1.470 GC heap after
Heap after GC invocations=4 (full 0):
 PSYoungGen      total 70656K, used 5088K [0x00000000d6380000, 0x00000000dad80000, 0x0000000100000000)
  eden space 65536K, 0% used [0x00000000d6380000,0x00000000d6380000,0x00000000da380000)
  from space 5120K, 99% used [0x00000000da880000,0x00000000dad78030,0x00000000dad80000)
  to   space 5120K, 0% used [0x00000000da380000,0x00000000da380000,0x00000000da880000)
 ParOldGen       total 86016K, used 11739K [0x0000000082a00000, 0x0000000087e00000, 0x00000000d6380000)
  object space 86016K, 13% used [0x0000000082a00000,0x0000000083576e98,0x0000000087e00000)
 Metaspace       used 15064K, capacity 15322K, committed 15488K, reserved 1062912K
  class space    used 1824K, capacity 1913K, committed 1920K, reserved 1048576K
}
Event: 1.905 GC heap before
{Heap before GC invocations=5 (full 0):
 PSYoungGen      total 70656K, used 70624K [0x00000000d6380000, 0x00000000dad80000, 0x0000000100000000)
  eden space 65536K, 100% used [0x00000000d6380000,0x00000000da380000,0x00000000da380000)
  from space 5120K, 99% used [0x00000000da880000,0x00000000dad78030,0x00000000dad80000)
  to   space 5120K, 0% used [0x00000000da380000,0x00000000da380000,0x00000000da880000)
 ParOldGen       total 86016K, used 11739K [0x0000000082a00000, 0x0000000087e00000, 0x00000000d6380000)
  object space 86016K, 13% used [0x0000000082a00000,0x0000000083576e98,0x0000000087e00000)
 Metaspace       used 15540K, capacity 15806K, committed 16000K, reserved 1062912K
  class space    used 1850K, capacity 1919K, committed 1920K, reserved 1048576K
Event: 1.920 GC heap after
Heap after GC invocations=5 (full 0):
 PSYoungGen      total 70656K, used 5104K [0x00000000d6380000, 0x00000000dfd80000, 0x0000000100000000)
  eden space 65536K, 0% used [0x00000000d6380000,0x00000000d6380000,0x00000000da380000)
  from space 5120K, 99% used [0x00000000da380000,0x00000000da87c040,0x00000000da880000)
  to   space 13312K, 0% used [0x00000000df080000,0x00000000df080000,0x00000000dfd80000)
 ParOldGen       total 86016K, used 18581K [0x0000000082a00000, 0x0000000087e00000, 0x00000000d6380000)
  object space 86016K, 21% used [0x0000000082a00000,0x0000000083c25678,0x0000000087e00000)
 Metaspace       used 15540K, capacity 15806K, committed 16000K, reserved 1062912K
  class space    used 1850K, capacity 1919K, committed 1920K, reserved 1048576K
}
Event: 2.310 GC heap before
{Heap before GC invocations=6 (full 0):
 PSYoungGen      total 70656K, used 70640K [0x00000000d6380000, 0x00000000dfd80000, 0x0000000100000000)
  eden space 65536K, 100% used [0x00000000d6380000,0x00000000da380000,0x00000000da380000)
  from space 5120K, 99% used [0x00000000da380000,0x00000000da87c040,0x00000000da880000)
  to   space 13312K, 0% used [0x00000000df080000,0x00000000df080000,0x00000000dfd80000)
 ParOldGen       total 86016K, used 18581K [0x0000000082a00000, 0x0000000087e00000, 0x00000000d6380000)
  object space 86016K, 21% used [0x0000000082a00000,0x0000000083c25678,0x0000000087e00000)
 Metaspace       used 15753K, capacity 16042K, committed 16384K, reserved 1062912K
  class space    used 1853K, capacity 1953K, committed 2048K, reserved 1048576K
Event: 2.322 GC heap after
Heap after GC invocations=6 (full 0):
 PSYoungGen      total 142848K, used 12400K [0x00000000d6380000, 0x00000000e0080000, 0x0000000100000000)
  eden space 129536K, 0% used [0x00000000d6380000,0x00000000d6380000,0x00000000de200000)
  from space 13312K, 93% used [0x00000000df080000,0x00000000dfc9c040,0x00000000dfd80000)
  to   space 14848K, 0% used [0x00000000de200000,0x00000000de200000,0x00000000df080000)
 ParOldGen       total 86016K, used 18589K [0x0000000082a00000, 0x0000000087e00000, 0x00000000d6380000)
  object space 86016K, 21% used [0x0000000082a00000,0x0000000083c27678,0x0000000087e00000)
 Metaspace       used 15753K, capacity 16042K, committed 16384K, reserved 1062912K
  class space    used 1853K, capacity 1953K, committed 2048K, reserved 1048576K
}
Event: 3.561 GC heap before
{Heap before GC invocations=7 (full 0):
 PSYoungGen      total 142848K, used 133139K [0x00000000d6380000, 0x00000000e0080000, 0x0000000100000000)
  eden space 129536K, 93% used [0x00000000d6380000,0x00000000dd968ce0,0x00000000de200000)
  from space 13312K, 93% used [0x00000000df080000,0x00000000dfc9c040,0x00000000dfd80000)
  to   space 14848K, 0% used [0x00000000de200000,0x00000000de200000,0x00000000df080000)
 ParOldGen       total 86016K, used 18589K [0x0000000082a00000, 0x0000000087e00000, 0x00000000d6380000)
  object space 86016K, 21% used [0x0000000082a00000,0x0000000083c27678,0x0000000087e00000)
 Metaspace       used 20629K, capacity 21126K, committed 21296K, reserved 1069056K
  class space    used 2462K, capacity 2627K, committed 2688K, reserved 1048576K
Event: 3.590 GC heap after
Heap after GC invocations=7 (full 0):
 PSYoungGen      total 144384K, used 14840K [0x00000000d6380000, 0x00000000e8880000, 0x0000000100000000)
  eden space 129536K, 0% used [0x00000000d6380000,0x00000000d6380000,0x00000000de200000)
  from space 14848K, 99% used [0x00000000de200000,0x00000000df07e2d0,0x00000000df080000)
  to   space 20480K, 0% used [0x00000000e7480000,0x00000000e7480000,0x00000000e8880000)
 ParOldGen       total 86016K, used 26022K [0x0000000082a00000, 0x0000000087e00000, 0x00000000d6380000)
  object space 86016K, 30% used [0x0000000082a00000,0x0000000084369998,0x0000000087e00000)
 Metaspace       used 20629K, capacity 21126K, committed 21296K, reserved 1069056K
  class space    used 2462K, capacity 2627K, committed 2688K, reserved 1048576K
}
Event: 3.590 GC heap before
{Heap before GC invocations=8 (full 1):
 PSYoungGen      total 144384K, used 14840K [0x00000000d6380000, 0x00000000e8880000, 0x0000000100000000)
  eden space 129536K, 0% used [0x00000000d6380000,0x00000000d6380000,0x00000000de200000)
  from space 14848K, 99% used [0x00000000de200000,0x00000000df07e2d0,0x00000000df080000)
  to   space 20480K, 0% used [0x00000000e7480000,0x00000000e7480000,0x00000000e8880000)
 ParOldGen       total 86016K, used 26022K [0x0000000082a00000, 0x0000000087e00000, 0x00000000d6380000)
  object space 86016K, 30% used [0x0000000082a00000,0x0000000084369998,0x0000000087e00000)
 Metaspace       used 20629K, capacity 21126K, committed 21296K, reserved 1069056K
  class space    used 2462K, capacity 2627K, committed 2688K, reserved 1048576K
Event: 3.698 GC heap after
Heap after GC invocations=8 (full 1):
 PSYoungGen      total 144384K, used 0K [0x00000000d6380000, 0x00000000e8880000, 0x0000000100000000)
  eden space 129536K, 0% used [0x00000000d6380000,0x00000000d6380000,0x00000000de200000)
  from space 14848K, 0% used [0x00000000de200000,0x00000000de200000,0x00000000df080000)
  to   space 20480K, 0% used [0x00000000e7480000,0x00000000e7480000,0x00000000e8880000)
 ParOldGen       total 93696K, used 32606K [0x0000000082a00000, 0x0000000088580000, 0x00000000d6380000)
  object space 93696K, 34% used [0x0000000082a00000,0x00000000849d7b78,0x0000000088580000)
 Metaspace       used 20629K, capacity 21126K, committed 21296K, reserved 1069056K
  class space    used 2462K, capacity 2627K, committed 2688K, reserved 1048576K
}

