# JRE version: Java(TM) SE Runtime Environment (8.0_161-b12) (build 1.8.0_161-b12)
# Java VM: Java HotSpot(TM) 64-Bit Server VM (25.161-b12 mixed mode windows-amd64 compressed oops)
Heap:
 PSYoungGen      total 144896K, used 18085K [0x00000000d6380000, 0x00000000e8880000, 0x0000000100000000)
  eden space 130048K, 13% used [0x00000000d6380000,0x00000000d7529560,0x00000000de280000)
  from space 14848K, 0% used [0x00000000de280000,0x00000000de280000,0x00000000df100000)
  to   space 19968K, 0% used [0x00000000e7500000,0x00000000e7500000,0x00000000e8880000)
 ParOldGen       total 91648K, used 32589K [0x0000000082a00000, 0x0000000088380000, 0x00000000d6380000)
  object space 91648K, 35% used [0x0000000082a00000,0x00000000849d3538,0x0000000088380000)
 Metaspace       used 21434K, capacity 21990K, committed 22192K, reserved 1069056K
  class space    used 2553K, capacity 2723K, committed 2816K, reserved 1048576K
GC Heap History (10 events):
Event: 2.366 GC heap before
{Heap before GC invocations=4 (full 0):
 PSYoungGen      total 37888K, used 37856K [0x00000000d6380000, 0x00000000dad80000, 0x0000000100000000)
  eden space 32768K, 100% used [0x00000000d6380000,0x00000000d8380000,0x00000000d8380000)
  from space 5120K, 99% used [0x00000000d8380000,0x00000000d8878030,0x00000000d8880000)
  to   space 5120K, 0% used [0x00000000da880000,0x00000000da880000,0x00000000dad80000)
 ParOldGen       total 86016K, used 7920K [0x0000000082a00000, 0x0000000087e00000, 0x00000000d6380000)
  object space 86016K, 9% used [0x0000000082a00000,0x00000000831bc368,0x0000000087e00000)
 Metaspace       used 15092K, capacity 15322K, committed 15488K, reserved 1062912K
  class space    used 1824K, capacity 1913K, committed 1920K, reserved 1048576K
Event: 2.378 GC heap after
Heap after GC invocations=4 (full 0):
 PSYoungGen      total 70656K, used 5088K [0x00000000d6380000, 0x00000000dad80000, 0x0000000100000000)
  eden space 65536K, 0% used [0x00000000d6380000,0x00000000d6380000,0x00000000da380000)
  from space 5120K, 99% used [0x00000000da880000,0x00000000dad78030,0x00000000dad80000)
  to   space 5120K, 0% used [0x00000000da380000,0x00000000da380000,0x00000000da880000)
 ParOldGen       total 86016K, used 11952K [0x0000000082a00000, 0x0000000087e00000, 0x00000000d6380000)
  object space 86016K, 13% used [0x0000000082a00000,0x00000000835ac050,0x0000000087e00000)
 Metaspace       used 15092K, capacity 15322K, committed 15488K, reserved 1062912K
  class space    used 1824K, capacity 1913K, committed 1920K, reserved 1048576K
}
Event: 3.061 GC heap before
{Heap before GC invocations=5 (full 0):
 PSYoungGen      total 70656K, used 70624K [0x00000000d6380000, 0x00000000dad80000, 0x0000000100000000)
  eden space 65536K, 100% used [0x00000000d6380000,0x00000000da380000,0x00000000da380000)
  from space 5120K, 99% used [0x00000000da880000,0x00000000dad78030,0x00000000dad80000)
  to   space 5120K, 0% used [0x00000000da380000,0x00000000da380000,0x00000000da880000)
 ParOldGen       total 86016K, used 11952K [0x0000000082a00000, 0x0000000087e00000, 0x00000000d6380000)
  object space 86016K, 13% used [0x0000000082a00000,0x00000000835ac050,0x0000000087e00000)
 Metaspace       used 15562K, capacity 15812K, committed 16000K, reserved 1062912K
  class space    used 1851K, capacity 1920K, committed 1920K, reserved 1048576K
Event: 3.101 GC heap after
Heap after GC invocations=5 (full 0):
 PSYoungGen      total 70656K, used 5104K [0x00000000d6380000, 0x00000000dfe80000, 0x0000000100000000)
  eden space 65536K, 0% used [0x00000000d6380000,0x00000000d6380000,0x00000000da380000)
  from space 5120K, 99% used [0x00000000da380000,0x00000000da87c060,0x00000000da880000)
  to   space 13824K, 0% used [0x00000000df100000,0x00000000df100000,0x00000000dfe80000)
 ParOldGen       total 86016K, used 19418K [0x0000000082a00000, 0x0000000087e00000, 0x00000000d6380000)
  object space 86016K, 22% used [0x0000000082a00000,0x0000000083cf6840,0x0000000087e00000)
 Metaspace       used 15562K, capacity 15812K, committed 16000K, reserved 1062912K
  class space    used 1851K, capacity 1920K, committed 1920K, reserved 1048576K
}
Event: 3.589 GC heap before
{Heap before GC invocations=6 (full 0):
 PSYoungGen      total 70656K, used 70640K [0x00000000d6380000, 0x00000000dfe80000, 0x0000000100000000)
  eden space 65536K, 100% used [0x00000000d6380000,0x00000000da380000,0x00000000da380000)
  from space 5120K, 99% used [0x00000000da380000,0x00000000da87c060,0x00000000da880000)
  to   space 13824K, 0% used [0x00000000df100000,0x00000000df100000,0x00000000dfe80000)
 ParOldGen       total 86016K, used 19418K [0x0000000082a00000, 0x0000000087e00000, 0x00000000d6380000)
  object space 86016K, 22% used [0x0000000082a00000,0x0000000083cf6840,0x0000000087e00000)
 Metaspace       used 15783K, capacity 16042K, committed 16384K, reserved 1062912K
  class space    used 1853K, capacity 1953K, committed 2048K, reserved 1048576K
Event: 3.602 GC heap after
Heap after GC invocations=6 (full 0):
 PSYoungGen      total 143872K, used 12112K [0x00000000d6380000, 0x00000000e0080000, 0x0000000100000000)
  eden space 130048K, 0% used [0x00000000d6380000,0x00000000d6380000,0x00000000de280000)
  from space 13824K, 87% used [0x00000000df100000,0x00000000dfcd4020,0x00000000dfe80000)
  to   space 14848K, 0% used [0x00000000de280000,0x00000000de280000,0x00000000df100000)
 ParOldGen       total 86016K, used 19426K [0x0000000082a00000, 0x0000000087e00000, 0x00000000d6380000)
  object space 86016K, 22% used [0x0000000082a00000,0x0000000083cf8840,0x0000000087e00000)
 Metaspace       used 15783K, capacity 16042K, committed 16384K, reserved 1062912K
  class space    used 1853K, capacity 1953K, committed 2048K, reserved 1048576K
}
Event: 5.007 GC heap before
{Heap before GC invocations=7 (full 0):
 PSYoungGen      total 143872K, used 123525K [0x00000000d6380000, 0x00000000e0080000, 0x0000000100000000)
  eden space 130048K, 85% used [0x00000000d6380000,0x00000000dd04d4f0,0x00000000de280000)
  from space 13824K, 87% used [0x00000000df100000,0x00000000dfcd4020,0x00000000dfe80000)
  to   space 14848K, 0% used [0x00000000de280000,0x00000000de280000,0x00000000df100000)
 ParOldGen       total 86016K, used 19426K [0x0000000082a00000, 0x0000000087e00000, 0x00000000d6380000)
  object space 86016K, 22% used [0x0000000082a00000,0x0000000083cf8840,0x0000000087e00000)
 Metaspace       used 20644K, capacity 21126K, committed 21296K, reserved 1069056K
  class space    used 2461K, capacity 2627K, committed 2688K, reserved 1048576K
Event: 5.028 GC heap after
Heap after GC invocations=7 (full 0):
 PSYoungGen      total 144896K, used 14824K [0x00000000d6380000, 0x00000000e8880000, 0x0000000100000000)
  eden space 130048K, 0% used [0x00000000d6380000,0x00000000d6380000,0x00000000de280000)
  from space 14848K, 99% used [0x00000000de280000,0x00000000df0fa2e0,0x00000000df100000)
  to   space 19968K, 0% used [0x00000000e7500000,0x00000000e7500000,0x00000000e8880000)
 ParOldGen       total 86016K, used 25768K [0x0000000082a00000, 0x0000000087e00000, 0x00000000d6380000)
  object space 86016K, 29% used [0x0000000082a00000,0x000000008432a3e0,0x0000000087e00000)
 Metaspace       used 20644K, capacity 21126K, committed 21296K, reserved 1069056K
  class space    used 2461K, capacity 2627K, committed 2688K, reserved 1048576K
}
Event: 5.028 GC heap before
{Heap before GC invocations=8 (full 1):
 PSYoungGen      total 144896K, used 14824K [0x00000000d6380000, 0x00000000e8880000, 0x0000000100000000)
  eden space 130048K, 0% used [0x00000000d6380000,0x00000000d6380000,0x00000000de280000)
  from space 14848K, 99% used [0x00000000de280000,0x00000000df0fa2e0,0x00000000df100000)
  to   space 19968K, 0% used [0x00000000e7500000,0x00000000e7500000,0x00000000e8880000)
 ParOldGen       total 86016K, used 25768K [0x0000000082a00000, 0x0000000087e00000, 0x00000000d6380000)
  object space 86016K, 29% used [0x0000000082a00000,0x000000008432a3e0,0x0000000087e00000)
 Metaspace       used 20644K, capacity 21126K, committed 21296K, reserved 1069056K
  class space    used 2461K, capacity 2627K, committed 2688K, reserved 1048576K
Event: 5.142 GC heap after
Heap after GC invocations=8 (full 1):
 PSYoungGen      total 144896K, used 0K [0x00000000d6380000, 0x00000000e8880000, 0x0000000100000000)
  eden space 130048K, 0% used [0x00000000d6380000,0x00000000d6380000,0x00000000de280000)
  from space 14848K, 0% used [0x00000000de280000,0x00000000de280000,0x00000000df100000)
  to   space 19968K, 0% used [0x00000000e7500000,0x00000000e7500000,0x00000000e8880000)
 ParOldGen       total 91648K, used 32589K [0x0000000082a00000, 0x0000000088380000, 0x00000000d6380000)
  object space 91648K, 35% used [0x0000000082a00000,0x00000000849d3538,0x0000000088380000)
 Metaspace       used 20644K, capacity 21126K, committed 21296K, reserved 1069056K
  class space    used 2461K, capacity 2627K, committed 2688K, reserved 1048576K
}

